10:09:08 Running: C:\xampp\htdocs\rqz\tmp\99313.bat for 5 seconds
10:09:09 Waiting for 99313.exe
10:09:09 Finished Waiting for 99313.exe
10:09:09 Checking to see if the process still exists
10:09:09 Process 99313.exe does not exist. No need to kill
10:09:09 Exiting
10:10:08 Running: C:\xampp\htdocs\rqz\tmp\75723.bat for 5 seconds
10:10:09 Waiting for 75723.exe
10:10:09 Finished Waiting for 75723.exe
10:10:09 Checking to see if the process still exists
10:10:09 Process 75723.exe does not exist. No need to kill
10:10:09 Exiting
10:11:27 Running: C:\xampp\htdocs\rqz\tmp\6665.bat for 5 seconds
10:11:28 Waiting for 6665.exe
10:11:28 Finished Waiting for 6665.exe
10:11:28 Checking to see if the process still exists
10:11:28 Process 6665.exe does not exist. No need to kill
10:11:28 Exiting
11:45:09 Running: C:\xampp\htdocs\rqz\tmp\133082190880920.bat for 5 seconds
11:45:10 Waiting for 133082190880920.exe
11:45:10 Finished Waiting for 133082190880920.exe
11:45:10 Checking to see if the process still exists
11:45:10 Process 133082190880920.exe does not exist. No need to kill
11:45:10 Exiting
11:51:14 Running: C:\xampp\htdocs\rqz\tmp\133082227334311.bat for 5 seconds
11:51:15 Waiting for 133082227334311.exe
11:51:15 Finished Waiting for 133082227334311.exe
11:51:15 Checking to see if the process still exists
11:51:15 Process 133082227334311.exe does not exist. No need to kill
11:51:15 Exiting
14:37:33 Running: C:\xampp\htdocs\rqz\tmp\133083225217600.bat for 5 seconds
14:37:34 Waiting for 133083225217600.exe
14:37:34 Finished Waiting for 133083225217600.exe
14:37:34 Checking to see if the process still exists
14:37:34 Process 133083225217600.exe does not exist. No need to kill
14:37:34 Exiting
14:48:02 Running: C:\xampp\htdocs\rqz\tmp\133083288188708.bat for 5 seconds
14:48:03 Waiting for 133083288188708.exe
14:48:03 Finished Waiting for 133083288188708.exe
14:48:03 Checking to see if the process still exists
14:48:03 Process 133083288188708.exe does not exist. No need to kill
14:48:03 Exiting
14:48:27 Running: C:\xampp\htdocs\rqz\tmp\133083290638715.bat for 5 seconds
14:48:28 Waiting for 133083290638715.exe
14:48:28 Finished Waiting for 133083290638715.exe
14:48:28 Checking to see if the process still exists
14:48:28 Process 133083290638715.exe does not exist. No need to kill
14:48:28 Exiting
14:48:58 Running: C:\xampp\htdocs\rqz\tmp\133083293759250.bat for 5 seconds
14:48:59 Waiting for 133083293759250.exe
14:48:59 Finished Waiting for 133083293759250.exe
14:48:59 Checking to see if the process still exists
14:48:59 Process 133083293759250.exe does not exist. No need to kill
14:48:59 Exiting
14:51:41 Running: C:\xampp\htdocs\rqz\tmp\133083310020114.bat for 5 seconds
14:51:42 Waiting for 133083310020114.exe
14:51:42 Finished Waiting for 133083310020114.exe
14:51:42 Checking to see if the process still exists
14:51:42 Process 133083310020114.exe does not exist. No need to kill
14:51:42 Exiting
14:51:57 Running: C:\xampp\htdocs\rqz\tmp\133083311637982.bat for 5 seconds
14:51:58 Waiting for 133083311637982.exe
14:51:58 Finished Waiting for 133083311637982.exe
14:51:58 Checking to see if the process still exists
14:51:58 Process 133083311637982.exe does not exist. No need to kill
14:51:58 Exiting
14:52:22 Running: C:\xampp\htdocs\rqz\tmp\133083314131919.bat for 5 seconds
14:52:23 Waiting for 133083314131919.exe
14:52:23 Finished Waiting for 133083314131919.exe
14:52:23 Checking to see if the process still exists
14:52:23 Process 133083314131919.exe does not exist. No need to kill
14:52:23 Exiting
15:02:34 Running: C:\xampp\htdocs\rqz\tmp\13308337545201.bat for 5 seconds
15:02:35 Waiting for 13308337545201.exe
15:02:36 Finished Waiting for 13308337545201.exe
15:02:36 Checking to see if the process still exists
15:02:36 Process 13308337545201.exe does not exist. No need to kill
15:02:36 Exiting
15:02:55 Running: C:\xampp\htdocs\rqz\tmp\133083377424613.bat for 5 seconds
15:02:56 Waiting for 133083377424613.exe
15:02:56 Finished Waiting for 133083377424613.exe
15:02:56 Checking to see if the process still exists
15:02:56 Process 133083377424613.exe does not exist. No need to kill
15:02:56 Exiting
15:21:11 Running: C:\xampp\htdocs\rqz\tmp\133083487049332.bat for 5 seconds
15:21:12 Waiting for 133083487049332.exe
15:21:12 Finished Waiting for 133083487049332.exe
15:21:12 Checking to see if the process still exists
15:21:12 Process 133083487049332.exe does not exist. No need to kill
15:21:12 Exiting
15:24:55 Running: C:\xampp\htdocs\rqz\tmp\133083509420883.bat for 5 seconds
15:24:56 Waiting for 133083509420883.exe
15:24:56 Finished Waiting for 133083509420883.exe
15:24:56 Checking to see if the process still exists
15:24:56 Process 133083509420883.exe does not exist. No need to kill
15:24:56 Exiting
15:25:10 Running: C:\xampp\htdocs\rqz\tmp\133083511051916.bat for 5 seconds
15:25:11 Waiting for 133083511051916.exe
15:25:12 Finished Waiting for 133083511051916.exe
15:25:12 Checking to see if the process still exists
15:25:12 Process 133083511051916.exe does not exist. No need to kill
15:25:12 Exiting
15:28:18 Running: C:\xampp\htdocs\rqz\tmp\133083529712339.bat for 5 seconds
15:28:19 Waiting for 133083529712339.exe
15:28:19 Finished Waiting for 133083529712339.exe
15:28:19 Checking to see if the process still exists
15:28:19 Process 133083529712339.exe does not exist. No need to kill
15:28:19 Exiting
16:01:32 Running: C:\xampp\htdocs\rqz\tmp\133083728970819.bat for 5 seconds
16:01:33 Waiting for 133083728970819.exe
16:01:34 Finished Waiting for 133083728970819.exe
16:01:34 Checking to see if the process still exists
16:01:34 Process 133083728970819.exe does not exist. No need to kill
16:01:34 Exiting
16:02:52 Running: C:\xampp\htdocs\rqz\tmp\133083737179010.bat for 5 seconds
16:02:53 Waiting for 133083737179010.exe
16:02:53 Finished Waiting for 133083737179010.exe
16:02:53 Checking to see if the process still exists
16:02:53 Process 133083737179010.exe does not exist. No need to kill
16:02:53 Exiting
16:03:04 Running: C:\xampp\htdocs\rqz\tmp\133083738357886.bat for 5 seconds
16:03:05 Waiting for 133083738357886.exe
16:03:05 Finished Waiting for 133083738357886.exe
16:03:05 Checking to see if the process still exists
16:03:05 Process 133083738357886.exe does not exist. No need to kill
16:03:05 Exiting
16:04:24 Running: C:\xampp\htdocs\rqz\tmp\133083746250854.bat for 5 seconds
16:04:25 Waiting for 133083746250854.exe
16:04:25 Finished Waiting for 133083746250854.exe
16:04:25 Checking to see if the process still exists
16:04:25 Process 133083746250854.exe does not exist. No need to kill
16:04:25 Exiting
16:06:01 Running: C:\xampp\htdocs\rqz\tmp\133083756045593.bat for 5 seconds
16:06:02 Waiting for 133083756045593.exe
16:06:02 Finished Waiting for 133083756045593.exe
16:06:02 Checking to see if the process still exists
16:06:02 Process 133083756045593.exe does not exist. No need to kill
16:06:02 Exiting
16:06:15 Running: C:\xampp\htdocs\rqz\tmp\133083757432797.bat for 5 seconds
16:06:16 Waiting for 133083757432797.exe
16:06:16 Finished Waiting for 133083757432797.exe
16:06:16 Checking to see if the process still exists
16:06:16 Process 133083757432797.exe does not exist. No need to kill
16:06:16 Exiting
16:06:21 Running: C:\xampp\htdocs\rqz\tmp\133083758036078.bat for 5 seconds
16:06:22 Waiting for 133083758036078.exe
16:06:22 Finished Waiting for 133083758036078.exe
16:06:22 Checking to see if the process still exists
16:06:22 Process 133083758036078.exe does not exist. No need to kill
16:06:22 Exiting
16:08:21 Running: C:\xampp\htdocs\rqz\tmp\133083770113681.bat for 5 seconds
16:08:22 Waiting for 133083770113681.exe
16:08:23 Finished Waiting for 133083770113681.exe
16:08:23 Checking to see if the process still exists
16:08:23 Process 133083770113681.exe does not exist. No need to kill
16:08:23 Exiting
16:09:22 Running: C:\xampp\htdocs\rqz\tmp\13308377613226.bat for 5 seconds
16:09:23 Waiting for 13308377613226.exe
16:09:24 Finished Waiting for 13308377613226.exe
16:09:24 Checking to see if the process still exists
16:09:24 Process 13308377613226.exe does not exist. No need to kill
16:09:24 Exiting
16:09:25 Running: C:\xampp\htdocs\rqz\tmp\26584_fake.bat for 5 seconds
16:09:26 Waiting for 26584_fake.exe
16:09:26 Finished Waiting for 26584_fake.exe
16:09:26 Checking to see if the process still exists
16:09:26 Process 26584_fake.exe does not exist. No need to kill
16:09:26 Exiting
16:10:18 Running: C:\xampp\htdocs\rqz\tmp\133083781743576.bat for 5 seconds
16:10:19 Waiting for 133083781743576.exe
16:10:19 Finished Waiting for 133083781743576.exe
16:10:19 Checking to see if the process still exists
16:10:19 Process 133083781743576.exe does not exist. No need to kill
16:10:19 Exiting
16:10:21 Running: C:\xampp\htdocs\rqz\tmp\35245_fake.bat for 5 seconds
16:10:22 Waiting for 35245_fake.exe
16:10:22 Finished Waiting for 35245_fake.exe
16:10:22 Checking to see if the process still exists
16:10:22 Process 35245_fake.exe does not exist. No need to kill
16:10:22 Exiting
16:12:02 Running: C:\xampp\htdocs\rqz\tmp\133083792133527.bat for 5 seconds
16:12:03 Waiting for 133083792133527.exe
16:12:03 Finished Waiting for 133083792133527.exe
16:12:03 Checking to see if the process still exists
16:12:03 Process 133083792133527.exe does not exist. No need to kill
16:12:03 Exiting
16:12:05 Running: C:\xampp\htdocs\rqz\tmp\90991_fake.bat for 5 seconds
16:12:06 Waiting for 90991_fake.exe
16:12:06 Finished Waiting for 90991_fake.exe
16:12:06 Checking to see if the process still exists
16:12:06 Process 90991_fake.exe does not exist. No need to kill
16:12:06 Exiting
16:12:48 Running: C:\xampp\htdocs\rqz\tmp\133083796787252.bat for 5 seconds
16:12:49 Waiting for 133083796787252.exe
16:12:50 Finished Waiting for 133083796787252.exe
16:12:50 Checking to see if the process still exists
16:12:50 Process 133083796787252.exe does not exist. No need to kill
16:12:50 Exiting
16:12:51 Running: C:\xampp\htdocs\rqz\tmp\33804_fake.bat for 5 seconds
16:12:52 Waiting for 33804_fake.exe
16:12:52 Finished Waiting for 33804_fake.exe
16:12:52 Checking to see if the process still exists
16:12:52 Process 33804_fake.exe does not exist. No need to kill
16:12:52 Exiting
16:13:22 Running: C:\xampp\htdocs\rqz\tmp\133083800153314.bat for 5 seconds
16:13:23 Waiting for 133083800153314.exe
16:13:23 Finished Waiting for 133083800153314.exe
16:13:23 Checking to see if the process still exists
16:13:23 Process 133083800153314.exe does not exist. No need to kill
16:13:23 Exiting
16:15:56 Running: C:\xampp\htdocs\rqz\tmp\133083815575332.bat for 5 seconds
16:15:57 Waiting for 133083815575332.exe
16:15:57 Finished Waiting for 133083815575332.exe
16:15:57 Checking to see if the process still exists
16:15:57 Process 133083815575332.exe does not exist. No need to kill
16:15:57 Exiting
16:16:23 Running: C:\xampp\htdocs\rqz\tmp\133083818232523.bat for 5 seconds
16:16:24 Waiting for 133083818232523.exe
16:16:24 Finished Waiting for 133083818232523.exe
16:16:24 Checking to see if the process still exists
16:16:24 Process 133083818232523.exe does not exist. No need to kill
16:16:24 Exiting
16:16:40 Running: C:\xampp\htdocs\rqz\tmp\133083819953357.bat for 5 seconds
16:16:41 Waiting for 133083819953357.exe
16:16:41 Finished Waiting for 133083819953357.exe
16:16:41 Checking to see if the process still exists
16:16:41 Process 133083819953357.exe does not exist. No need to kill
16:16:41 Exiting
16:16:55 Running: C:\xampp\htdocs\rqz\tmp\133083821419767.bat for 5 seconds
16:16:56 Waiting for 133083821419767.exe
16:16:56 Finished Waiting for 133083821419767.exe
16:16:56 Checking to see if the process still exists
16:16:56 Process 133083821419767.exe does not exist. No need to kill
16:16:56 Exiting
16:16:57 Running: C:\xampp\htdocs\rqz\tmp\57089_fake.bat for 5 seconds
16:16:58 Waiting for 57089_fake.exe
16:16:59 Finished Waiting for 57089_fake.exe
16:16:59 Checking to see if the process still exists
16:16:59 Process 57089_fake.exe does not exist. No need to kill
16:16:59 Exiting
16:18:55 Running: C:\xampp\htdocs\rqz\tmp\1330838333318.bat for 5 seconds
16:18:56 Waiting for 1330838333318.exe
16:18:56 Finished Waiting for 1330838333318.exe
16:18:56 Checking to see if the process still exists
16:18:56 Process 1330838333318.exe does not exist. No need to kill
16:18:56 Exiting
16:18:57 Running: C:\xampp\htdocs\rqz\tmp\63397_fake.bat for 5 seconds
16:18:58 Waiting for 63397_fake.exe
16:18:58 Finished Waiting for 63397_fake.exe
16:18:58 Checking to see if the process still exists
16:18:58 Process 63397_fake.exe does not exist. No need to kill
16:18:58 Exiting
12:40:46 Running: C:\xampp\htdocs\rqz\tmp\133497604584466.bat for 5 seconds
12:40:48 Waiting for 133497604584466.exe
12:40:48 Finished Waiting for 133497604584466.exe
12:40:48 Checking to see if the process still exists
12:40:48 Process 133497604584466.exe does not exist. No need to kill
12:40:48 Exiting
19:06:02 Running: C:\xampp\htdocs\rqz\tmp\133499916096154.bat for 5 seconds
19:06:03 Waiting for 133499916096154.exe
19:06:03 Finished Waiting for 133499916096154.exe
19:06:03 Checking to see if the process still exists
19:06:03 Process 133499916096154.exe does not exist. No need to kill
19:06:03 Exiting
19:06:20 Running: C:\xampp\htdocs\rqz\tmp\133499917982406.bat for 5 seconds
19:06:21 Waiting for 133499917982406.exe
19:06:21 Finished Waiting for 133499917982406.exe
19:06:21 Checking to see if the process still exists
19:06:21 Process 133499917982406.exe does not exist. No need to kill
19:06:21 Exiting
19:12:01 Running: C:\xampp\htdocs\rqz\tmp\13349995207325.bat for 5 seconds
19:12:02 Waiting for 13349995207325.exe
19:12:03 Finished Waiting for 13349995207325.exe
19:12:03 Checking to see if the process still exists
19:12:03 Process 13349995207325.exe does not exist. No need to kill
19:12:03 Exiting
18:03:43 Running: C:\xampp\htdocs\rqz\tmp\133516821899972.bat for 5 seconds
18:03:45 Waiting for 133516821899972.exe
18:03:45 Finished Waiting for 133516821899972.exe
18:03:45 Checking to see if the process still exists
18:03:45 Process 133516821899972.exe does not exist. No need to kill
18:03:45 Exiting
18:22:21 Running: C:\xampp\htdocs\rqz\tmp\133516933991958.bat for 5 seconds
18:22:22 Waiting for 133516933991958.exe
18:22:22 Finished Waiting for 133516933991958.exe
18:22:22 Checking to see if the process still exists
18:22:22 Process 133516933991958.exe does not exist. No need to kill
18:22:22 Exiting
19:38:31 Running: C:\xampp\htdocs\rqz\tmp\133543310649313.bat for 5 seconds
19:38:32 Waiting for 133543310649313.exe
19:38:32 Finished Waiting for 133543310649313.exe
19:38:32 Checking to see if the process still exists
19:38:32 Process 133543310649313.exe does not exist. No need to kill
19:38:32 Exiting
20:33:21 Running: C:\xampp\htdocs\rqz\tmp\133560919513816.bat for 5 seconds
20:33:22 Waiting for 133560919513816.exe
20:33:22 Finished Waiting for 133560919513816.exe
20:33:22 Checking to see if the process still exists
20:33:22 Process 133560919513816.exe does not exist. No need to kill
20:33:22 Exiting
08:46:09 Running: C:\xampp\htdocs\rqz\tmp\133617156345285.bat for 5 seconds
08:46:10 Waiting for 133617156345285.exe
08:46:10 Finished Waiting for 133617156345285.exe
08:46:10 Checking to see if the process still exists
08:46:10 Process 133617156345285.exe does not exist. No need to kill
08:46:10 Exiting
22:50:18 Running: C:\xampp\htdocs\rqz\tmp\133622221748221.bat for 5 seconds
22:50:19 Waiting for 133622221748221.exe
22:50:19 Finished Waiting for 133622221748221.exe
22:50:19 Checking to see if the process still exists
22:50:19 Process 133622221748221.exe does not exist. No need to kill
22:50:19 Exiting
